<?xml version="1.0" encoding="UTF-8"?>
<!-- Generated by org.testng.reporters.JUnitReportReporter -->
<testsuite hostname="DESKTOP-EL0J089" failures="0" tests="6" name="com.testng.features.Priority_Test" time="0.010" errors="0" timestamp="2022-02-19T11:08:13 IST" skipped="0">
  <testcase classname="com.testng.features.Priority_Test" name="mobile_Case" time="0.006"/>
  <system-out/>
  <testcase classname="com.testng.features.Priority_Test" name="dresses" time="0.001"/>
  <system-out/>
  <testcase classname="com.testng.features.Priority_Test" name="bikes" time="0.000"/>
  <system-out/>
  <testcase classname="com.testng.features.Priority_Test" name="mobile" time="0.001"/>
  <system-out/>
  <testcase classname="com.testng.features.Priority_Test" name="desktop" time="0.001"/>
  <system-out/>
  <testcase classname="com.testng.features.Priority_Test" name="laptop" time="0.001"/>
  <system-out/>
</testsuite> <!-- com.testng.features.Priority_Test -->
