<?xml version="1.0" encoding="UTF-8"?>
<!-- Generated by org.testng.reporters.JUnitReportReporter -->
<testsuite hostname="DESKTOP-EL0J089" failures="0" tests="5" name="com.testng.features.Grouping_Concept" time="0.010" errors="0" timestamp="2022-02-21T14:15:04 IST" skipped="0">
  <testcase classname="com.testng.features.Grouping_Concept" name="carrot" time="0.001"/>
  <system-out/>
  <testcase classname="com.testng.features.Grouping_Concept" name="orange" time="0.001"/>
  <system-out/>
  <testcase classname="com.testng.features.Grouping_Concept" name="tomato" time="0.002"/>
  <system-out/>
  <testcase classname="com.testng.features.Grouping_Concept" name="apple" time="0.005"/>
  <system-out/>
  <testcase classname="com.testng.features.Grouping_Concept" name="cauliflower" time="0.001"/>
  <system-out/>
</testsuite> <!-- com.testng.features.Grouping_Concept -->
