<?xml version="1.0" encoding="UTF-8"?>
<!-- Generated by org.testng.reporters.JUnitReportReporter -->
<testsuite hostname="DESKTOP-EL0J089" failures="0" tests="3" name="com.testng.features.Expected_Exception" time="0.011" errors="0" timestamp="2022-02-21T21:59:18 IST" skipped="0">
  <testcase classname="com.testng.features.Expected_Exception" name="String" time="0.009"/>
  <system-out/>
  <testcase classname="com.testng.features.Expected_Exception" name="test" time="0.001"/>
  <system-out/>
  <testcase classname="com.testng.features.Expected_Exception" name="code" time="0.001"/>
  <system-out/>
</testsuite> <!-- com.testng.features.Expected_Exception -->
