<?xml version="1.0" encoding="UTF-8"?>
<!-- Generated by org.testng.reporters.JUnitReportReporter -->
<testsuite hostname="DESKTOP-EL0J089" failures="0" tests="4" name="com.testng.features.Parellel_Test" time="0.008" errors="0" timestamp="2022-02-23T21:44:33 IST" skipped="0">
  <testcase classname="com.testng.features.Parellel_Test" name="whatsapp" time="0.001"/>
  <system-out/>
  <testcase classname="com.testng.features.Parellel_Test" name="facebook" time="0.006"/>
  <system-out/>
  <testcase classname="com.testng.features.Parellel_Test" name="youtube" time="0.000"/>
  <system-out/>
  <testcase classname="com.testng.features.Parellel_Test" name="insta" time="0.001"/>
  <system-out/>
</testsuite> <!-- com.testng.features.Parellel_Test -->
