<?xml version="1.0" encoding="UTF-8"?>
<!-- Generated by org.testng.reporters.JUnitReportReporter -->
<testsuite hostname="DESKTOP-EL0J089" failures="0" tests="1" name="com.testng.features.Parameterzied_Test" time="0.005" errors="0" timestamp="2022-02-22T22:03:28 IST" skipped="0">
  <testcase classname="com.testng.features.Parameterzied_Test" name="credentials" time="0.005"/>
  <system-out/>
</testsuite> <!-- com.testng.features.Parameterzied_Test -->
