<?xml version="1.0" encoding="UTF-8"?>
<!-- Generated by org.testng.reporters.JUnitReportReporter -->
<testsuite hostname="DESKTOP-EL0J089" failures="0" tests="3" name="com.testng.features.Dependency_Test" time="0.008" errors="0" timestamp="2022-02-21T21:14:06 IST" skipped="0">
  <testcase classname="com.testng.features.Dependency_Test" name="password" time="0.001"/>
  <system-out/>
  <testcase classname="com.testng.features.Dependency_Test" name="username" time="0.001"/>
  <system-out/>
  <testcase classname="com.testng.features.Dependency_Test" name="login" time="0.006"/>
  <system-out/>
</testsuite> <!-- com.testng.features.Dependency_Test -->
