<?xml version="1.0" encoding="UTF-8"?>
<!-- Generated by org.testng.reporters.JUnitReportReporter -->
<testsuite hostname="DESKTOP-EL0J089" failures="0" tests="2" name="com.testng.features.TimeOut_Test" time="25.075" errors="0" timestamp="2022-02-21T21:37:28 IST" skipped="0">
  <testcase classname="com.testng.features.TimeOut_Test" name="mobile_On" time="15.034"/>
  <system-out/>
  <testcase classname="com.testng.features.TimeOut_Test" name="open_Facebook" time="10.041"/>
  <system-out/>
</testsuite> <!-- com.testng.features.TimeOut_Test -->
