<?xml version="1.0" encoding="UTF-8"?>
<!-- Generated by org.testng.reporters.JUnitReportReporter -->
<testsuite hostname="DESKTOP-EL0J089" failures="0" tests="4" name="com.testng.features.Ignore_Concept" time="0.007" errors="0" timestamp="2022-02-21T13:52:36 IST" skipped="1">
  <testcase classname="com.testng.features.Ignore_Concept" name="apple" time="0.005"/>
  <system-out/>
  <testcase classname="com.testng.features.Ignore_Concept" name="tomato" time="0.001"/>
  <system-out/>
  <testcase classname="com.testng.features.Ignore_Concept" name="carrot" time="0.001"/>
  <system-out/>
  <testcase classname="com.testng.features.Ignore_Concept" name="orange">
    <skipped/>
  </testcase> <!-- orange -->
  <system-out/>
</testsuite> <!-- com.testng.features.Ignore_Concept -->
