<?xml version="1.0" encoding="UTF-8"?>
<!-- Generated by org.testng.reporters.JUnitReportReporter -->
<testsuite hostname="DESKTOP-EL0J089" failures="0" tests="5" name="com.testng.features.Simple_Annotations" time="0.012" errors="0" timestamp="2022-02-19T10:59:53 IST" skipped="0">
  <testcase classname="com.testng.features.Simple_Annotations" name="bikes" time="0.005"/>
  <system-out/>
  <testcase classname="com.testng.features.Simple_Annotations" name="laptop" time="0.001"/>
  <system-out/>
  <testcase classname="com.testng.features.Simple_Annotations" name="mobile" time="0.002"/>
  <system-out/>
  <testcase classname="com.testng.features.Simple_Annotations" name="desktop" time="0.002"/>
  <system-out/>
  <testcase classname="com.testng.features.Simple_Annotations" name="dresses" time="0.002"/>
  <system-out/>
</testsuite> <!-- com.testng.features.Simple_Annotations -->
