<?xml version="1.0" encoding="UTF-8"?>
<!-- Generated by org.testng.reporters.JUnitReportReporter -->
<testsuite hostname="DESKTOP-EL0J089" failures="0" tests="4" name="com.testng.features.Dataprovider_Test" time="0.007" errors="0" timestamp="2022-02-23T21:37:43 IST" skipped="0">
  <testcase classname="com.testng.features.Dataprovider_Test" name="logout" time="0.001"/>
  <system-out/>
  <testcase classname="com.testng.features.Dataprovider_Test" name="logout" time="0.001"/>
  <system-out/>
  <testcase classname="com.testng.features.Dataprovider_Test" name="login" time="0.000"/>
  <system-out/>
  <testcase classname="com.testng.features.Dataprovider_Test" name="login" time="0.005"/>
  <system-out/>
</testsuite> <!-- com.testng.features.Dataprovider_Test -->
