<?xml version="1.0" encoding="UTF-8"?>
<!-- Generated by org.testng.reporters.JUnitReportReporter -->
<testsuite hostname="DESKTOP-EL0J089" failures="0" tests="2" name="com.testng.features.Soft_Assert" time="0.008" errors="0" timestamp="2022-02-25T21:13:09 IST" skipped="0">
  <testcase classname="com.testng.features.Soft_Assert" name="laptop_Name" time="0.007"/>
  <system-out/>
  <testcase classname="com.testng.features.Soft_Assert" name="mobile_Name" time="0.001"/>
  <system-out/>
</testsuite> <!-- com.testng.features.Soft_Assert -->
